<?xml version="1.0" encoding="UTF-8"?>
<testsuite xmlns:xsi="http://www.w3.org/2001/XMLSchema-instance" xsi:noNamespaceSchemaLocation="https://maven.apache.org/surefire/maven-surefire-plugin/xsd/surefire-test-report.xsd" name="com.mycompany.crud.SampleTest" time="0.123" tests="1" errors="0" skipped="0" failures="0">
  <properties>
    <property name="netbeans.deploy" value="true"/>
    <property name="java.specification.version" value="15"/>
    <property name="sun.cpu.isalist" value="amd64"/>
    <property name="sun.jnu.encoding" value="Cp1252"/>
    <property name="java.class.path" value="C:\Users\jorge\Documents\ProyectoSistemasBD2\crud\target\test-classes;C:\Users\jorge\Documents\ProyectoSistemasBD2\crud\target\classes;C:\Users\jorge\.m2\repository\jakarta\platform\jakarta.jakartaee-api\8.0.0\jakarta.jakartaee-api-8.0.0.jar;C:\Users\jorge\.m2\repository\javax\enterprise\cdi-api\2.0\cdi-api-2.0.jar;C:\Users\jorge\.m2\repository\javax\el\javax.el-api\3.0.0\javax.el-api-3.0.0.jar;C:\Users\jorge\.m2\repository\javax\interceptor\javax.interceptor-api\1.2\javax.interceptor-api-1.2.jar;C:\Users\jorge\.m2\repository\javax\inject\javax.inject\1\javax.inject-1.jar;C:\Users\jorge\.m2\repository\javax\ws\rs\javax.ws.rs-api\2.1\javax.ws.rs-api-2.1.jar;C:\Users\jorge\.m2\repository\javax\json\bind\javax.json.bind-api\1.0\javax.json.bind-api-1.0.jar;C:\Users\jorge\.m2\repository\javax\json\javax.json-api\1.1\javax.json-api-1.1.jar;C:\Users\jorge\.m2\repository\javax\annotation\javax.annotation-api\1.3\javax.annotation-api-1.3.jar;C:\Users\jorge\.m2\repository\org\eclipse\microprofile\config\microprofile-config-api\1.3\microprofile-config-api-1.3.jar;C:\Users\jorge\.m2\repository\org\osgi\org.osgi.annotation.versioning\1.0.0\org.osgi.annotation.versioning-1.0.0.jar;C:\Users\jorge\.m2\repository\org\eclipse\microprofile\fault-tolerance\microprofile-fault-tolerance-api\2.0\microprofile-fault-tolerance-api-2.0.jar;C:\Users\jorge\.m2\repository\org\eclipse\microprofile\health\microprofile-health-api\2.0\microprofile-health-api-2.0.jar;C:\Users\jorge\.m2\repository\org\eclipse\microprofile\metrics\microprofile-metrics-api\2.0.0\microprofile-metrics-api-2.0.0.jar;C:\Users\jorge\.m2\repository\org\eclipse\microprofile\jwt\microprofile-jwt-auth-api\1.1\microprofile-jwt-auth-api-1.1.jar;C:\Users\jorge\.m2\repository\org\eclipse\microprofile\openapi\microprofile-openapi-api\1.1\microprofile-openapi-api-1.1.jar;C:\Users\jorge\.m2\repository\org\eclipse\microprofile\rest\client\microprofile-rest-client-api\1.3\microprofile-rest-client-api-1.3.jar;C:\Users\jorge\.m2\repository\org\eclipse\microprofile\opentracing\microprofile-opentracing-api\1.3\microprofile-opentracing-api-1.3.jar;C:\Users\jorge\.m2\repository\org\junit\jupiter\junit-jupiter\5.5.0\junit-jupiter-5.5.0.jar;C:\Users\jorge\.m2\repository\org\junit\jupiter\junit-jupiter-api\5.5.0\junit-jupiter-api-5.5.0.jar;C:\Users\jorge\.m2\repository\org\apiguardian\apiguardian-api\1.1.0\apiguardian-api-1.1.0.jar;C:\Users\jorge\.m2\repository\org\opentest4j\opentest4j\1.2.0\opentest4j-1.2.0.jar;C:\Users\jorge\.m2\repository\org\junit\platform\junit-platform-commons\1.5.0\junit-platform-commons-1.5.0.jar;C:\Users\jorge\.m2\repository\org\junit\jupiter\junit-jupiter-params\5.5.0\junit-jupiter-params-5.5.0.jar;C:\Users\jorge\.m2\repository\org\junit\jupiter\junit-jupiter-engine\5.5.0\junit-jupiter-engine-5.5.0.jar;C:\Users\jorge\.m2\repository\org\junit\platform\junit-platform-engine\1.5.0\junit-platform-engine-1.5.0.jar;C:\Users\jorge\.m2\repository\org\mockito\mockito-core\3.1.0\mockito-core-3.1.0.jar;C:\Users\jorge\.m2\repository\net\bytebuddy\byte-buddy\1.9.10\byte-buddy-1.9.10.jar;C:\Users\jorge\.m2\repository\net\bytebuddy\byte-buddy-agent\1.9.10\byte-buddy-agent-1.9.10.jar;C:\Users\jorge\.m2\repository\org\objenesis\objenesis\2.6\objenesis-2.6.jar;"/>
    <property name="java.vm.vendor" value="Oracle Corporation"/>
    <property name="sun.arch.data.model" value="64"/>
    <property name="user.variant" value=""/>
    <property name="java.vendor.url" value="https://java.oracle.com/"/>
    <property name="user.timezone" value="America/Guatemala"/>
    <property name="os.name" value="Windows 10"/>
    <property name="java.vm.specification.version" value="15"/>
    <property name="user.country" value="GT"/>
    <property name="sun.java.launcher" value="SUN_STANDARD"/>
    <property name="sun.boot.library.path" value="C:\Program Files\Java\jdk-15.0.2\bin"/>
    <property name="sun.java.command" value="C:\Users\jorge\AppData\Local\Temp\surefire10131623761060459282\surefirebooter5027591714204353091.jar C:\Users\jorge\AppData\Local\Temp\surefire10131623761060459282 2021-02-17T10-08-32_379-jvmRun1 surefire7817202123303531976tmp surefire_016053103290459823158tmp"/>
    <property name="jdk.debug" value="release"/>
    <property name="surefire.test.class.path" value="C:\Users\jorge\Documents\ProyectoSistemasBD2\crud\target\test-classes;C:\Users\jorge\Documents\ProyectoSistemasBD2\crud\target\classes;C:\Users\jorge\.m2\repository\jakarta\platform\jakarta.jakartaee-api\8.0.0\jakarta.jakartaee-api-8.0.0.jar;C:\Users\jorge\.m2\repository\javax\enterprise\cdi-api\2.0\cdi-api-2.0.jar;C:\Users\jorge\.m2\repository\javax\el\javax.el-api\3.0.0\javax.el-api-3.0.0.jar;C:\Users\jorge\.m2\repository\javax\interceptor\javax.interceptor-api\1.2\javax.interceptor-api-1.2.jar;C:\Users\jorge\.m2\repository\javax\inject\javax.inject\1\javax.inject-1.jar;C:\Users\jorge\.m2\repository\javax\ws\rs\javax.ws.rs-api\2.1\javax.ws.rs-api-2.1.jar;C:\Users\jorge\.m2\repository\javax\json\bind\javax.json.bind-api\1.0\javax.json.bind-api-1.0.jar;C:\Users\jorge\.m2\repository\javax\json\javax.json-api\1.1\javax.json-api-1.1.jar;C:\Users\jorge\.m2\repository\javax\annotation\javax.annotation-api\1.3\javax.annotation-api-1.3.jar;C:\Users\jorge\.m2\repository\org\eclipse\microprofile\config\microprofile-config-api\1.3\microprofile-config-api-1.3.jar;C:\Users\jorge\.m2\repository\org\osgi\org.osgi.annotation.versioning\1.0.0\org.osgi.annotation.versioning-1.0.0.jar;C:\Users\jorge\.m2\repository\org\eclipse\microprofile\fault-tolerance\microprofile-fault-tolerance-api\2.0\microprofile-fault-tolerance-api-2.0.jar;C:\Users\jorge\.m2\repository\org\eclipse\microprofile\health\microprofile-health-api\2.0\microprofile-health-api-2.0.jar;C:\Users\jorge\.m2\repository\org\eclipse\microprofile\metrics\microprofile-metrics-api\2.0.0\microprofile-metrics-api-2.0.0.jar;C:\Users\jorge\.m2\repository\org\eclipse\microprofile\jwt\microprofile-jwt-auth-api\1.1\microprofile-jwt-auth-api-1.1.jar;C:\Users\jorge\.m2\repository\org\eclipse\microprofile\openapi\microprofile-openapi-api\1.1\microprofile-openapi-api-1.1.jar;C:\Users\jorge\.m2\repository\org\eclipse\microprofile\rest\client\microprofile-rest-client-api\1.3\microprofile-rest-client-api-1.3.jar;C:\Users\jorge\.m2\repository\org\eclipse\microprofile\opentracing\microprofile-opentracing-api\1.3\microprofile-opentracing-api-1.3.jar;C:\Users\jorge\.m2\repository\org\junit\jupiter\junit-jupiter\5.5.0\junit-jupiter-5.5.0.jar;C:\Users\jorge\.m2\repository\org\junit\jupiter\junit-jupiter-api\5.5.0\junit-jupiter-api-5.5.0.jar;C:\Users\jorge\.m2\repository\org\apiguardian\apiguardian-api\1.1.0\apiguardian-api-1.1.0.jar;C:\Users\jorge\.m2\repository\org\opentest4j\opentest4j\1.2.0\opentest4j-1.2.0.jar;C:\Users\jorge\.m2\repository\org\junit\platform\junit-platform-commons\1.5.0\junit-platform-commons-1.5.0.jar;C:\Users\jorge\.m2\repository\org\junit\jupiter\junit-jupiter-params\5.5.0\junit-jupiter-params-5.5.0.jar;C:\Users\jorge\.m2\repository\org\junit\jupiter\junit-jupiter-engine\5.5.0\junit-jupiter-engine-5.5.0.jar;C:\Users\jorge\.m2\repository\org\junit\platform\junit-platform-engine\1.5.0\junit-platform-engine-1.5.0.jar;C:\Users\jorge\.m2\repository\org\mockito\mockito-core\3.1.0\mockito-core-3.1.0.jar;C:\Users\jorge\.m2\repository\net\bytebuddy\byte-buddy\1.9.10\byte-buddy-1.9.10.jar;C:\Users\jorge\.m2\repository\net\bytebuddy\byte-buddy-agent\1.9.10\byte-buddy-agent-1.9.10.jar;C:\Users\jorge\.m2\repository\org\objenesis\objenesis\2.6\objenesis-2.6.jar;"/>
    <property name="sun.cpu.endian" value="little"/>
    <property name="user.home" value="C:\Users\jorge"/>
    <property name="user.language" value="es"/>
    <property name="java.specification.vendor" value="Oracle Corporation"/>
    <property name="java.version.date" value="2021-01-19"/>
    <property name="java.home" value="C:\Program Files\Java\jdk-15.0.2"/>
    <property name="file.separator" value="\"/>
    <property name="basedir" value="C:\Users\jorge\Documents\ProyectoSistemasBD2\crud"/>
    <property name="java.vm.compressedOopsMode" value="32-bit"/>
    <property name="line.separator" value="&#10;"/>
    <property name="java.vm.specification.vendor" value="Oracle Corporation"/>
    <property name="java.specification.name" value="Java Platform API Specification"/>
    <property name="surefire.real.class.path" value="C:\Users\jorge\AppData\Local\Temp\surefire10131623761060459282\surefirebooter5027591714204353091.jar"/>
    <property name="user.script" value=""/>
    <property name="sun.management.compiler" value="HotSpot 64-Bit Tiered Compilers"/>
    <property name="java.runtime.version" value="15.0.2+7-27"/>
    <property name="user.name" value="Jorge MarroquÃ­n"/>
    <property name="path.separator" value=";"/>
    <property name="os.version" value="10.0"/>
    <property name="java.runtime.name" value="Java(TM) SE Runtime Environment"/>
    <property name="file.encoding" value="UTF-8"/>
    <property name="java.vm.name" value="Java HotSpot(TM) 64-Bit Server VM"/>
    <property name="maven.ext.class.path" value="C:\Program Files\NetBeans-12.2\netbeans\java\maven-nblib\netbeans-eventspy.jar"/>
    <property name="localRepository" value="C:\Users\jorge\.m2\repository"/>
    <property name="java.vendor.url.bug" value="https://bugreport.java.com/bugreport/"/>
    <property name="java.io.tmpdir" value="C:\Users\jorge\AppData\Local\Temp\"/>
    <property name="java.version" value="15.0.2"/>
    <property name="user.dir" value="C:\Users\jorge\Documents\ProyectoSistemasBD2\crud"/>
    <property name="os.arch" value="amd64"/>
    <property name="java.vm.specification.name" value="Java Virtual Machine Specification"/>
    <property name="sun.os.patch.level" value=""/>
    <property name="java.library.path" value="C:\Program Files\Java\jdk-15.0.2\bin;C:\WINDOWS\Sun\Java\bin;C:\WINDOWS\system32;C:\WINDOWS;C:\Program Files (x86)\Common Files\Oracle\Java\javapath;C:\Program Files\Common Files\Oracle\Java\javapath;C:\app\jorge\product\18.0.0\dbhomeXE\bin;C:\Program Files\Python39\Scripts\;C:\Program Files\Python39\;C:\Python38\Scripts\;C:\Python38\;C:\WINDOWS\system32;C:\WINDOWS;C:\WINDOWS\System32\Wbem;C:\WINDOWS\System32\WindowsPowerShell\v1.0\;C:\WINDOWS\System32\OpenSSH\;c:\Program Files (x86)\ATI Technologies\ATI.ACE\Core-Static;C:\Program Files\Inkscape\bin;C:\ProgramData\chocolatey\bin;C:\PATH_Programs;C:\Program Files (x86)\QuickTime\QTSystem\;C:\Program Files\nodejs\;C:\Program Files\Git\cmd;C:\Users\jorge\AppData\Local\Microsoft\WindowsApps;;C:\Users\jorge\AppData\Local\Programs\Microsoft VS Code\bin;C:\Users\jorge\AppData\Roaming\npm;."/>
    <property name="java.vm.info" value="mixed mode, sharing"/>
    <property name="java.vendor" value="Oracle Corporation"/>
    <property name="java.vm.version" value="15.0.2+7-27"/>
    <property name="sun.io.unicode.encoding" value="UnicodeLittle"/>
    <property name="java.class.version" value="59.0"/>
  </properties>
  <testcase name="simpleJUnit5Test" classname="com.mycompany.crud.SampleTest" time="0.102"/>
</testsuite>